# JRE version: OpenJDK Runtime Environment (8.0_152-b02) (build 1.8.0_152-release-1024-b02)
# Java VM: OpenJDK 64-Bit Server VM (25.152-b02 mixed mode windows-amd64 compressed oops)
Heap:
 PSYoungGen      total 211968K, used 149958K [0x00000000e0000000, 0x00000000eef00000, 0x0000000100000000)
  eden space 196608K, 68% used [0x00000000e0000000,0x00000000e83a8898,0x00000000ec000000)
  from space 15360K, 98% used [0x00000000ee000000,0x00000000eeec9008,0x00000000eef00000)
  to   space 20992K, 0% used [0x00000000ec600000,0x00000000ec600000,0x00000000eda80000)
 ParOldGen       total 101376K, used 43325K [0x00000000a0000000, 0x00000000a6300000, 0x00000000e0000000)
  object space 101376K, 42% used [0x00000000a0000000,0x00000000a2a4f680,0x00000000a6300000)
 Metaspace       used 66870K, capacity 69454K, committed 69760K, reserved 1110016K
  class space    used 8879K, capacity 9522K, committed 9600K, reserved 1048576K
GC Heap History (10 events):
Event: 22.046 GC heap before
{Heap before GC invocations=13 (full 2):
 PSYoungGen      total 139776K, used 126976K [0x00000000e0000000, 0x00000000eb300000, 0x0000000100000000)
  eden space 126976K, 100% used [0x00000000e0000000,0x00000000e7c00000,0x00000000e7c00000)
  from space 12800K, 0% used [0x00000000e8800000,0x00000000e8800000,0x00000000e9480000)
  to   space 12288K, 0% used [0x00000000e7c00000,0x00000000e7c00000,0x00000000e8800000)
 ParOldGen       total 57856K, used 16423K [0x00000000a0000000, 0x00000000a3880000, 0x00000000e0000000)
  object space 57856K, 28% used [0x00000000a0000000,0x00000000a1009ca0,0x00000000a3880000)
 Metaspace       used 44944K, capacity 45970K, committed 46080K, reserved 1089536K
  class space    used 6066K, capacity 6389K, committed 6400K, reserved 1048576K
Event: 22.106 GC heap after
Heap after GC invocations=13 (full 2):
 PSYoungGen      total 139264K, used 12260K [0x00000000e0000000, 0x00000000ebb00000, 0x0000000100000000)
  eden space 126976K, 0% used [0x00000000e0000000,0x00000000e0000000,0x00000000e7c00000)
  from space 12288K, 99% used [0x00000000e7c00000,0x00000000e87f9030,0x00000000e8800000)
  to   space 14848K, 0% used [0x00000000eac80000,0x00000000eac80000,0x00000000ebb00000)
 ParOldGen       total 57856K, used 19079K [0x00000000a0000000, 0x00000000a3880000, 0x00000000e0000000)
  object space 57856K, 32% used [0x00000000a0000000,0x00000000a12a1d58,0x00000000a3880000)
 Metaspace       used 44944K, capacity 45970K, committed 46080K, reserved 1089536K
  class space    used 6066K, capacity 6389K, committed 6400K, reserved 1048576K
}
Event: 26.240 GC heap before
{Heap before GC invocations=14 (full 2):
 PSYoungGen      total 139264K, used 139236K [0x00000000e0000000, 0x00000000ebb00000, 0x0000000100000000)
  eden space 126976K, 100% used [0x00000000e0000000,0x00000000e7c00000,0x00000000e7c00000)
  from space 12288K, 99% used [0x00000000e7c00000,0x00000000e87f9030,0x00000000e8800000)
  to   space 14848K, 0% used [0x00000000eac80000,0x00000000eac80000,0x00000000ebb00000)
 ParOldGen       total 57856K, used 19079K [0x00000000a0000000, 0x00000000a3880000, 0x00000000e0000000)
  object space 57856K, 32% used [0x00000000a0000000,0x00000000a12a1d58,0x00000000a3880000)
 Metaspace       used 55988K, capacity 57666K, committed 57856K, reserved 1099776K
  class space    used 7654K, capacity 8104K, committed 8192K, reserved 1048576K
Event: 26.370 GC heap after
Heap after GC invocations=14 (full 2):
 PSYoungGen      total 172032K, used 14845K [0x00000000e0000000, 0x00000000ec480000, 0x0000000100000000)
  eden space 157184K, 0% used [0x00000000e0000000,0x00000000e0000000,0x00000000e9980000)
  from space 14848K, 99% used [0x00000000eac80000,0x00000000ebaff500,0x00000000ebb00000)
  to   space 19456K, 0% used [0x00000000e9980000,0x00000000e9980000,0x00000000eac80000)
 ParOldGen       total 57856K, used 25304K [0x00000000a0000000, 0x00000000a3880000, 0x00000000e0000000)
  object space 57856K, 43% used [0x00000000a0000000,0x00000000a18b6268,0x00000000a3880000)
 Metaspace       used 55988K, capacity 57666K, committed 57856K, reserved 1099776K
  class space    used 7654K, capacity 8104K, committed 8192K, reserved 1048576K
}
Event: 28.003 GC heap before
{Heap before GC invocations=15 (full 2):
 PSYoungGen      total 172032K, used 120206K [0x00000000e0000000, 0x00000000ec480000, 0x0000000100000000)
  eden space 157184K, 67% used [0x00000000e0000000,0x00000000e66e4558,0x00000000e9980000)
  from space 14848K, 99% used [0x00000000eac80000,0x00000000ebaff500,0x00000000ebb00000)
  to   space 19456K, 0% used [0x00000000e9980000,0x00000000e9980000,0x00000000eac80000)
 ParOldGen       total 57856K, used 25304K [0x00000000a0000000, 0x00000000a3880000, 0x00000000e0000000)
  object space 57856K, 43% used [0x00000000a0000000,0x00000000a18b6268,0x00000000a3880000)
 Metaspace       used 57268K, capacity 58968K, committed 59008K, reserved 1099776K
  class space    used 7833K, capacity 8299K, committed 8320K, reserved 1048576K
Event: 28.135 GC heap after
Heap after GC invocations=15 (full 2):
 PSYoungGen      total 176640K, used 12802K [0x00000000e0000000, 0x00000000ef380000, 0x0000000100000000)
  eden space 157184K, 0% used [0x00000000e0000000,0x00000000e0000000,0x00000000e9980000)
  from space 19456K, 65% used [0x00000000e9980000,0x00000000ea600b00,0x00000000eac80000)
  to   space 19968K, 0% used [0x00000000ee000000,0x00000000ee000000,0x00000000ef380000)
 ParOldGen       total 57856K, used 40093K [0x00000000a0000000, 0x00000000a3880000, 0x00000000e0000000)
  object space 57856K, 69% used [0x00000000a0000000,0x00000000a2727788,0x00000000a3880000)
 Metaspace       used 57268K, capacity 58968K, committed 59008K, reserved 1099776K
  class space    used 7833K, capacity 8299K, committed 8320K, reserved 1048576K
}
Event: 28.135 GC heap before
{Heap before GC invocations=16 (full 3):
 PSYoungGen      total 176640K, used 12802K [0x00000000e0000000, 0x00000000ef380000, 0x0000000100000000)
  eden space 157184K, 0% used [0x00000000e0000000,0x00000000e0000000,0x00000000e9980000)
  from space 19456K, 65% used [0x00000000e9980000,0x00000000ea600b00,0x00000000eac80000)
  to   space 19968K, 0% used [0x00000000ee000000,0x00000000ee000000,0x00000000ef380000)
 ParOldGen       total 57856K, used 40093K [0x00000000a0000000, 0x00000000a3880000, 0x00000000e0000000)
  object space 57856K, 69% used [0x00000000a0000000,0x00000000a2727788,0x00000000a3880000)
 Metaspace       used 57268K, capacity 58968K, committed 59008K, reserved 1099776K
  class space    used 7833K, capacity 8299K, committed 8320K, reserved 1048576K
Event: 28.842 GC heap after
Heap after GC invocations=16 (full 3):
 PSYoungGen      total 176640K, used 0K [0x00000000e0000000, 0x00000000ef380000, 0x0000000100000000)
  eden space 157184K, 0% used [0x00000000e0000000,0x00000000e0000000,0x00000000e9980000)
  from space 19456K, 0% used [0x00000000e9980000,0x00000000e9980000,0x00000000eac80000)
  to   space 19968K, 0% used [0x00000000ee000000,0x00000000ee000000,0x00000000ef380000)
 ParOldGen       total 101376K, used 43317K [0x00000000a0000000, 0x00000000a6300000, 0x00000000e0000000)
  object space 101376K, 42% used [0x00000000a0000000,0x00000000a2a4d680,0x00000000a6300000)
 Metaspace       used 57268K, capacity 58968K, committed 59008K, reserved 1099776K
  class space    used 7833K, capacity 8299K, committed 8320K, reserved 1048576K
}
Event: 46.493 GC heap before
{Heap before GC invocations=17 (full 3):
 PSYoungGen      total 176640K, used 157184K [0x00000000e0000000, 0x00000000ef380000, 0x0000000100000000)
  eden space 157184K, 100% used [0x00000000e0000000,0x00000000e9980000,0x00000000e9980000)
  from space 19456K, 0% used [0x00000000e9980000,0x00000000e9980000,0x00000000eac80000)
  to   space 19968K, 0% used [0x00000000ee000000,0x00000000ee000000,0x00000000ef380000)
 ParOldGen       total 101376K, used 43317K [0x00000000a0000000, 0x00000000a6300000, 0x00000000e0000000)
  object space 101376K, 42% used [0x00000000a0000000,0x00000000a2a4d680,0x00000000a6300000)
 Metaspace       used 64561K, capacity 66868K, committed 67072K, reserved 1107968K
  class space    used 8602K, capacity 9213K, committed 9216K, reserved 1048576K
Event: 46.528 GC heap after
Heap after GC invocations=17 (full 3):
 PSYoungGen      total 211968K, used 15140K [0x00000000e0000000, 0x00000000eef00000, 0x0000000100000000)
  eden space 196608K, 0% used [0x00000000e0000000,0x00000000e0000000,0x00000000ec000000)
  from space 15360K, 98% used [0x00000000ee000000,0x00000000eeec9008,0x00000000eef00000)
  to   space 20992K, 0% used [0x00000000ec600000,0x00000000ec600000,0x00000000eda80000)
 ParOldGen       total 101376K, used 43325K [0x00000000a0000000, 0x00000000a6300000, 0x00000000e0000000)
  object space 101376K, 42% used [0x00000000a0000000,0x00000000a2a4f680,0x00000000a6300000)
 Metaspace       used 64561K, capacity 66868K, committed 67072K, reserved 1107968K
  class space    used 8602K, capacity 9213K, committed 9216K, reserved 1048576K
}

